Starting Outscraper data import...
Southampton entry found: Little Bear Baby Signing, Postcode: SO31 1BS, Address: Botley Rd, Burridge, Southampton SO31 1BS
Southampton entry found: Tots Play Southampton West Baby Classes, Postcode: SO40 4UH, Address: Deerleap Ln, Colbury, Southampton SO40 4UH
Southampton entry found: Little Big Village (Children's Role Play and Cafe), Postcode: SO31 6DX, Address: 21 Centre Way, Locks Heath, Park Gate, Southampton SO31 6DX
Southampton entry found: Sing and Sign Southampton - Baby signing classes, Postcode: SO15 2LU, Address: Archers Rd, Southampton SO15 2LU
Southampton entry found: Baby Swim UK, Postcode: SO16 7LT, Address: Vermont Cl, Southampton SO16 7LT
Southampton entry found: Little Bear Baby Signing, Postcode: SO18 1HZ, Address: 1 Thorold Rd, Southampton SO18 1HZ
Southampton entry found: Baby Squids Southampton, Postcode: SO16 4DJ, Address: Richville Rd, Southampton SO16 4DJ
Southampton entry found: Little Bear Baby Signing, Postcode: SO30 2US, Address: St Lukes Cl, Hedge End, Southampton SO30 2US
Southampton entry found: Baby Sensory Southampton Central, Postcode: SO19 8AF, Address: 93 N E Rd, Sholing, Southampton SO19 8AF
Southampton entry found: FromBump2Baby, Postcode: SO30 0BZ, Address: Waylands Pl, Hedge End, Southampton SO30 0BZ
Southampton entry found: Baby Squids Southampton, Postcode: SO16 8FU, Address: 20 Mossleigh Ave, Rownhams, Southampton SO16 8FU
Southampton entry found: Adventure Babies Southampton, Postcode: SO30 3DQ, Address: Hilldene Community Centre, High St, West End, Southampton SO30 3DQ
Southampton entry found: Southampton Gymnastics Club, Postcode: SO16 9AR, Address: Cuckmere Ln, Southampton SO16 9AR
Southampton entry found: Bright Babies, Postcode: SO15 3GX, Address: Kentish Rd, Shirley, Southampton SO15 3GX
Southampton entry found: Bright Babies, Postcode: SO40 2ZU, Address: Calmore Community Center, Calmore, Southampton SO40 2ZU
Southampton entry found: Baby Sensory Marchwood, Postcode: SO40 4SX, Address: Village Hall, Marchwood, Southampton SO40 4SX
Southampton entry found: Apple Tree Yoga and Hypnobirthing, Postcode: SO19 2HG, Address: Mortimer Rd, Itchen, Southampton SO19 2HG
Southampton entry found: Moo Music Southampton, Postcode: SO18 5QD, Address: 103a Edelvale Rd, Southampton SO18 5QD
Southampton entry found: Gymtots, Postcode: SO31 4NE, Address: Hamble Community Sports College, Satchell Ln, Southampton SO31 4NE
Southampton entry found: Mama2shape Pregnancy Yoga, Baby Massage, Mum and Baby Yoga, Postcode: SO31 6LT, Address: Locks Heath Park Rd, Church Rd, Locks Heath, Park Gate, Southampton SO31 6LT
Southampton entry found: Craft 'N' Crawl, Postcode: SO40 4XF, Address: St Johns Dr, Marchwood, Hedge End, Southampton SO40 4XF
Southampton entry found: Dynamo School of Gymnastics, Postcode: SO31 4NE, Address: Hamble Community Sports College, Satchell Ln, Hamble-le-Rice, Southampton SO31 4NE
Southampton entry found: Jiggy Wrigglers Southampton East, Postcode: SO30 4AF, Address: Old School House Corner of St Johns and, Bursledon Rd, Hedge End, Southampton SO30 4AF
Southampton entry found: School of Chill (Children's Yoga), Postcode: SO30 4RR, Address: Yoga Bill Studio, Downscroft Gardens, Hedge End, Southampton SO30 4RR
Southampton entry found: Dance Out Loud Ballet for children, Postcode: SO30 3DU, Address: 68 High St, West End, Southampton SO30 3DU
Southampton entry found: Violin Tuition Southampton, Postcode: SO18 2PE, Address: 129 Woodmill Ln, Southampton SO18 2PE
Southampton entry found: Crafty Bug Cafe / sweet shack, Postcode: SO19 7GQ, Address: 82 Bridge Rd, Southampton SO19 7GQ
Southampton entry found: Tabnabs with Tots, Postcode: SO31 9FG, Address: 8 Brook Ln, Warsash, Southampton SO31 9FG
Southampton entry found: Water Babies at Forest Park School, Postcode: SO40 3DW, Address: Lydlynch Rd, Totton, Southampton SO40 3DW
Southampton entry found: Liberi Laeti, Postcode: SO14 7EB, Address: 11 Portland St, Southampton SO14 7EB
Southampton entry found: Fayes Music Dots at Colbury, Postcode: SO40 7EH, Address: Colbury Church Rooms, Southampton SO40 7EH
Southampton entry found: Spitfire Gymnastics Club, Postcode: SO19 9SJ, Address: 150 Weston Ln, Weston, Southampton SO19 9SJ
Southampton entry found: Sound Pop Academy, Postcode: SO15 5RL, Address: Richard Taunton Sixth Form, Hill Ln, Southampton SO15 5RL
Southampton entry found: Birthing with Confidence, Postcode: SO40 9EP, Address: The Dr, Totton, Southampton SO40 9EP
Southampton entry found: Jiggy Wrigglers Southampton West, Postcode: SO16 2EJ, Address: Southampton SO16 2EJ
Southampton entry found: Community Playlink, Postcode: SO17 3AT, Address: Swaythling Neighbourhood Centre, Hampton Pk Wy, Southampton SO17 3AT
Southampton entry found: Shirley Library, Postcode: SO15 5LL, Address: Shirley Precinct, Shirley, Southampton SO15 5LL
Processing 4443 valid entries...
Starting import of 4443 entries in batches of 10...
Processing batch 1/445 (entries 1-10)
